{"/Users/Nicholas/Development/complete-intro-to-react/js/Search.js": {"path":"/Users/Nicholas/Development/complete-intro-to-react/js/Search.js","statementMap":{"0":{"start":{"line":5,"column":15},"end":{"line":36,"column":2}},"1":{"start":{"line":7,"column":4},"end":{"line":9,"column":6}},"2":{"start":{"line":12,"column":4},"end":{"line":12,"column":48}},"3":{"start":{"line":15,"column":4},"end":{"line":34,"column":6}},"4":{"start":{"line":23,"column":30},"end":{"line":25,"column":64}},"5":{"start":{"line":28,"column":14},"end":{"line":30,"column":16}}},"fnMap":{"0":{"name":"(anonymous_0)","decl":{"start":{"line":23,"column":20},"end":{"line":23,"column":21}},"loc":{"start":{"line":23,"column":30},"end":{"line":25,"column":64}}},"1":{"name":"(anonymous_1)","decl":{"start":{"line":27,"column":17},"end":{"line":27,"column":18}},"loc":{"start":{"line":27,"column":27},"end":{"line":31,"column":13}}}},"branchMap":{},"s":{"0":1,"1":3,"2":1,"3":4,"4":84,"5":65},"f":{"0":84,"1":65},"b":{},"_coverageSchema":"332fd63041d2c1bcb487cc26dd0d5f7d97098a6c","hash":"b1dec15800b0c118ea5ede596777d05e854af9c1"}
,"/Users/Nicholas/Development/complete-intro-to-react/js/ShowCard.js": {"path":"/Users/Nicholas/Development/complete-intro-to-react/js/ShowCard.js","statementMap":{"0":{"start":{"line":2,"column":19},"end":{"line":2,"column":34}},"1":{"start":{"line":4,"column":17},"end":{"line":24,"column":2}},"2":{"start":{"line":12,"column":49},"end":{"line":12,"column":59}},"3":{"start":{"line":13,"column":4},"end":{"line":22,"column":6}}},"fnMap":{},"branchMap":{},"s":{"0":1,"1":1,"2":0,"3":0},"f":{},"b":{},"_coverageSchema":"332fd63041d2c1bcb487cc26dd0d5f7d97098a6c","hash":"e43a506c62d0614e0377b92babcfbb3ac12e716c"}
}
